2026-03-23 21:16:43,614 INFO RPA Scheduler arrancado en background
2026-03-23 21:16:43,623 INFO Adding job tentatively -- it will be properly scheduled when the scheduler starts
2026-03-23 21:16:43,624 INFO Adding job tentatively -- it will be properly scheduled when the scheduler starts
2026-03-23 21:16:43,625 INFO Added job "Weekly Summary Job" to job store "default"
2026-03-23 21:16:43,626 INFO Added job "Critical Monitor Job" to job store "default"
2026-03-23 21:16:43,627 INFO Scheduler started
2026-03-23 21:19:23,639 INFO RPA Scheduler arrancado en background
2026-03-23 21:19:23,642 INFO Adding job tentatively -- it will be properly scheduled when the scheduler starts
2026-03-23 21:19:23,642 INFO Adding job tentatively -- it will be properly scheduled when the scheduler starts
2026-03-23 21:19:23,642 INFO Added job "Weekly Summary Job" to job store "default"
2026-03-23 21:19:23,643 INFO Added job "Critical Monitor Job" to job store "default"
2026-03-23 21:19:23,643 INFO Scheduler started
2026-03-23 21:20:53,371 INFO RPA Scheduler arrancado en background
2026-03-23 21:20:53,374 INFO Adding job tentatively -- it will be properly scheduled when the scheduler starts
2026-03-23 21:20:53,374 INFO Adding job tentatively -- it will be properly scheduled when the scheduler starts
2026-03-23 21:20:53,375 INFO Added job "Weekly Summary Job" to job store "default"
2026-03-23 21:20:53,375 INFO Added job "Critical Monitor Job" to job store "default"
2026-03-23 21:20:53,375 INFO Scheduler started
2026-03-23 21:35:04,801 INFO HTTP Request: POST http://localhost:11434/api/chat "HTTP/1.1 400 Bad Request"
2026-03-23 21:42:40,795 INFO HTTP Request: POST http://localhost:11434/api/chat "HTTP/1.1 200 OK"
2026-03-23 21:43:19,573 INFO HTTP Request: POST http://localhost:11434/api/chat "HTTP/1.1 200 OK"
2026-03-23 21:50:53,381 INFO Running job "Critical Monitor Job (trigger: interval[0:30:00], next run at: 2026-03-23 21:50:53 CET)" (scheduled at 2026-03-23 21:50:53.374879+01:00)
2026-03-23 21:50:53,384 INFO [2026-03-23T21:50:53.384555] Iniciando critical_monitor_job
2026-03-23 21:51:03,111 INFO Job "Critical Monitor Job (trigger: interval[0:30:00], next run at: 2026-03-23 22:20:53 CET)" executed successfully
